Arguments: 
  C:\Program Files\nodejs\node.exe C:\Users\patri\AppData\Roaming\npm\node_modules\yarn\bin\yarn.js add @types/pandas-js

PATH: 
  C:\Program Files\Tecplot\Tecplot Chorus 2022 R1\bin;C:\Program Files\Tecplot\Tecplot 360 EX 2022 R1\bin;C:\Program Files\Microsoft MPI\Bin\;C:\WINDOWS\system32;C:\WINDOWS;C:\WINDOWS\System32\Wbem;C:\WINDOWS\System32\WindowsPowerShell\v1.0\;C:\WINDOWS\System32\OpenSSH\;C:\Program Files (x86)\NVIDIA Corporation\PhysX\Common;C:\Program Files\dotnet\;C:\Program Files (x86)\Windows Kits\8.1\Windows Performance Toolkit\;C:\Program Files\MATLAB\R2023a\bin;C:\Program Files\MATLAB\R2022b\bin;C:\Program Files\nodejs\;C:\ProgramData\chocolatey\bin;C:\Program Files\GitHub CLI\;C:\Program Files\Git\cmd;C:\Program Files\Amazon\AWSCLIV2\;C:\Users\patri\AppData\Local\Programs\Python\Python311\Scripts\;C:\Users\patri\AppData\Local\Programs\Python\Python311\;C:\Users\patri\AppData\Local\Microsoft\WindowsApps;C:\Users\patri\AppData\Local\Programs\Microsoft VS Code\bin;C:\Users\patri\AppData\Local\GitHubDesktop\bin;C:\Users\patri\AppData\Roaming\npm

Yarn version: 
  1.22.19

Node version: 
  18.14.2

Platform: 
  win32 x64

Trace: 
  Error: https://registry.yarnpkg.com/@types%2fpandas-js: Not found
      at params.callback [as _callback] (C:\Users\patri\AppData\Roaming\npm\node_modules\yarn\lib\cli.js:66145:18)
      at self.callback (C:\Users\patri\AppData\Roaming\npm\node_modules\yarn\lib\cli.js:140890:22)
      at Request.emit (node:events:513:28)
      at Request.<anonymous> (C:\Users\patri\AppData\Roaming\npm\node_modules\yarn\lib\cli.js:141862:10)
      at Request.emit (node:events:513:28)
      at IncomingMessage.<anonymous> (C:\Users\patri\AppData\Roaming\npm\node_modules\yarn\lib\cli.js:141784:12)
      at Object.onceWrapper (node:events:627:28)
      at IncomingMessage.emit (node:events:525:35)
      at endReadableNT (node:internal/streams/readable:1359:12)
      at process.processTicksAndRejections (node:internal/process/task_queues:82:21)

npm manifest: 
  {
      "name": "water_quality_controller",
      "version": "0.1.0",
      "private": true,
      "dependencies": {
          "@aws-amplify/ui-react": "^4.5.1",
          "@emotion/react": "^11.7.1",
          "@emotion/styled": "^11.6.0",
          "@mui/material": "^5.2.5",
          "@testing-library/jest-dom": "^5.16.5",
          "@testing-library/react": "^13.4.0",
          "@testing-library/user-event": "^13.5.0",
          "@types/jest": "^29.5.0",
          "@types/node": "^16.11.14",
          "@types/react": "^18.0.28",
          "@types/react-dom": "^18.0.11",
          "aws-amplify": "^5.0.25",
          "axios": "^1.3.6",
          "cors": "^2.8.5",
          "pandas-js": "^0.2.4",
          "plotly": "^1.0.6",
          "react": "^18.2.0",
          "react-chartjs-2": "^5.2.0",
          "react-dom": "^18.2.0",
          "react-plotly.js": "^2.6.0",
          "react-router-dom": "^6.2.1",
          "react-scripts": "5.0.1",
          "web-vitals": "^2.1.4"
      },
      "scripts": {
          "start": "react-scripts start",
          "build": "react-scripts build",
          "test": "react-scripts test",
          "eject": "react-scripts eject"
      },
      "eslintConfig": {
          "root": true
      },
      "browserslist": {
          "production": [
              ">0.2%",
              "not dead",
              "not op_mini all"
          ],
          "development": [
              "last 1 chrome version",
              "last 1 firefox version",
              "last 1 safari version"
          ]
      }
  }

yarn manifest: 
  No manifest

Lockfile: 
  No lockfile
